{"C:\\Users\\mingsun\\Desktop\\my-vue3-component-lib\\packages\\message\\src\\Message.vue": {"path":"C:\\Users\\mingsun\\Desktop\\my-vue3-component-lib\\packages\\message\\src\\Message.vue","statementMap":{"0":{"start":{"line":15,"column":6},"end":{"line":15,"column":null}},"1":{"start":{"line":16,"column":6},"end":{"line":16,"column":null}},"2":{"start":{"line":17,"column":6},"end":{"line":17,"column":null}},"3":{"start":{"line":20,"column":2},"end":{"line":20,"column":null}},"4":{"start":{"line":23,"column":0},"end":{"line":26,"column":null}},"5":{"start":{"line":28,"column":14},"end":{"line":28,"column":null}},"6":{"start":{"line":33,"column":0},"end":{"line":42,"column":null}},"7":{"start":{"line":34,"column":2},"end":{"line":38,"column":null}},"8":{"start":{"line":35,"column":4},"end":{"line":37,"column":null}},"9":{"start":{"line":36,"column":6},"end":{"line":36,"column":null}},"10":{"start":{"line":39,"column":2},"end":{"line":41,"column":null}},"11":{"start":{"line":40,"column":4},"end":{"line":40,"column":null}},"12":{"start":{"line":2,"column":2},"end":{"line":3,"column":null}}},"fnMap":{"0":{"name":"setOffset","decl":{"start":{"line":19,"column":9},"end":{"line":19,"column":19}},"loc":{"start":{"line":19,"column":32},"end":{"line":21,"column":null}},"line":19},"1":{"name":"(anonymous_1)","decl":{"start":{"line":33,"column":10},"end":{"line":33,"column":14}},"loc":{"start":{"line":33,"column":14},"end":{"line":42,"column":1}},"line":33},"2":{"name":"(anonymous_2)","decl":{"start":{"line":35,"column":15},"end":{"line":35,"column":21}},"loc":{"start":{"line":35,"column":21},"end":{"line":37,"column":7}},"line":35}},"branchMap":{"0":{"loc":{"start":{"line":34,"column":2},"end":{"line":38,"column":null}},"type":"if","locations":[{"start":{"line":34,"column":2},"end":{"line":38,"column":null}},{"start":{},"end":{}}],"line":34},"1":{"loc":{"start":{"line":37,"column":7},"end":{"line":37,"column":29}},"type":"binary-expr","locations":[{"start":{"line":37,"column":7},"end":{"line":37,"column":25}},{"start":{"line":37,"column":25},"end":{"line":37,"column":29}}],"line":37},"2":{"loc":{"start":{"line":39,"column":2},"end":{"line":41,"column":null}},"type":"if","locations":[{"start":{"line":39,"column":2},"end":{"line":41,"column":null}},{"start":{},"end":{}}],"line":39}},"s":{"0":7,"1":7,"2":7,"3":25,"4":7,"5":7,"6":7,"7":7,"8":7,"9":2,"10":7,"11":7,"12":13},"f":{"0":25,"1":7,"2":2},"b":{"0":[7,0],"1":[7,5],"2":[7,0]},"meta":{"lastBranch":0,"lastFunction":0,"lastStatement":0,"seen":{}}}
,"C:\\Users\\mingsun\\Desktop\\my-vue3-component-lib\\packages\\message\\src\\createMessage.ts": {"path":"C:\\Users\\mingsun\\Desktop\\my-vue3-component-lib\\packages\\message\\src\\createMessage.ts","statementMap":{"0":{"start":{"line":5,"column":27},"end":{"line":5,"column":null}},"1":{"start":{"line":9,"column":20},"end":{"line":9,"column":null}},"2":{"start":{"line":10,"column":2},"end":{"line":10,"column":null}},"3":{"start":{"line":12,"column":18},"end":{"line":18,"column":null}},"4":{"start":{"line":13,"column":4},"end":{"line":13,"column":null}},"5":{"start":{"line":14,"column":4},"end":{"line":14,"column":null}},"6":{"start":{"line":15,"column":4},"end":{"line":15,"column":null}},"7":{"start":{"line":16,"column":4},"end":{"line":16,"column":null}},"8":{"start":{"line":17,"column":4},"end":{"line":17,"column":null}},"9":{"start":{"line":20,"column":8},"end":{"line":23,"column":null}},"10":{"start":{"line":25,"column":2},"end":{"line":25,"column":null}},"11":{"start":{"line":26,"column":2},"end":{"line":26,"column":null}},"12":{"start":{"line":28,"column":2},"end":{"line":28,"column":null}},"13":{"start":{"line":30,"column":2},"end":{"line":34,"column":null}},"14":{"start":{"line":31,"column":4},"end":{"line":33,"column":null}},"15":{"start":{"line":32,"column":6},"end":{"line":32,"column":null}},"16":{"start":{"line":38,"column":15},"end":{"line":38,"column":null}},"17":{"start":{"line":39,"column":2},"end":{"line":43,"column":null}},"18":{"start":{"line":40,"column":4},"end":{"line":40,"column":null}},"19":{"start":{"line":42,"column":4},"end":{"line":42,"column":null}}},"fnMap":{"0":{"name":"createMessage","decl":{"start":{"line":7,"column":16},"end":{"line":7,"column":30}},"loc":{"start":{"line":7,"column":55},"end":{"line":35,"column":null}},"line":7},"1":{"name":"(anonymous_1)","decl":{"start":{"line":12,"column":18},"end":{"line":12,"column":24}},"loc":{"start":{"line":12,"column":24},"end":{"line":18,"column":null}},"line":12},"2":{"name":"(anonymous_2)","decl":{"start":{"line":31,"column":25},"end":{"line":31,"column":26}},"loc":{"start":{"line":31,"column":38},"end":{"line":33,"column":5}},"line":31},"3":{"name":"updateOffsets","decl":{"start":{"line":37,"column":9},"end":{"line":37,"column":25}},"loc":{"start":{"line":37,"column":25},"end":{"line":44,"column":null}},"line":37},"4":{"name":"(anonymous_4)","decl":{"start":{"line":39,"column":20},"end":{"line":39,"column":21}},"loc":{"start":{"line":39,"column":28},"end":{"line":43,"column":3}},"line":39}},"branchMap":{"0":{"loc":{"start":{"line":30,"column":2},"end":{"line":34,"column":null}},"type":"if","locations":[{"start":{"line":30,"column":2},"end":{"line":34,"column":null}},{"start":{},"end":{}}],"line":30},"1":{"loc":{"start":{"line":42,"column":15},"end":{"line":42,"column":59}},"type":"binary-expr","locations":[{"start":{"line":42,"column":15},"end":{"line":42,"column":54}},{"start":{"line":42,"column":54},"end":{"line":42,"column":59}}],"line":42}},"s":{"0":1,"1":7,"2":7,"3":7,"4":2,"5":2,"6":2,"7":2,"8":2,"9":7,"10":7,"11":7,"12":7,"13":7,"14":1,"15":1,"16":9,"17":9,"18":25,"19":25},"f":{"0":7,"1":2,"2":1,"3":9,"4":25},"b":{"0":[1,6],"1":[25,25]},"meta":{"lastBranch":2,"lastFunction":5,"lastStatement":20,"seen":{"s:5:27:5:Infinity":0,"f:7:16:7:30":0,"s:9:20:9:Infinity":1,"s:10:2:10:Infinity":2,"s:12:18:18:Infinity":3,"f:12:18:12:24":1,"s:13:4:13:Infinity":4,"s:14:4:14:Infinity":5,"s:15:4:15:Infinity":6,"s:16:4:16:Infinity":7,"s:17:4:17:Infinity":8,"s:20:8:23:Infinity":9,"s:25:2:25:Infinity":10,"s:26:2:26:Infinity":11,"s:28:2:28:Infinity":12,"b:30:2:34:Infinity:undefined:undefined:undefined:undefined":0,"s:30:2:34:Infinity":13,"s:31:4:33:Infinity":14,"f:31:25:31:26":2,"s:32:6:32:Infinity":15,"f:37:9:37:25":3,"s:38:15:38:Infinity":16,"s:39:2:43:Infinity":17,"f:39:20:39:21":4,"s:40:4:40:Infinity":18,"s:42:4:42:Infinity":19,"b:42:15:42:54:42:54:42:59":1}}}
}
