<?xml version="1.0" encoding="UTF-8"?>
<coverage generated="1761224698691" clover="3.2.0">
  <project timestamp="1761224698691" name="All files">
    <metrics statements="7" coveredstatements="7" conditionals="0" coveredconditionals="0" methods="1" coveredmethods="1" elements="8" coveredelements="8" complexity="0" loc="7" ncloc="7" packages="1" files="4" classes="4"/>
    <file name="Button.vue" path="C:\Users\mingsun\Desktop\my-vue3-component-lib\packages\button\src\Button.vue">
      <metrics statements="3" coveredstatements="3" conditionals="0" coveredconditionals="0" methods="1" coveredmethods="1"/>
      <line num="17" count="6" type="stmt"/>
      <line num="19" count="6" type="stmt"/>
      <line num="20" count="6" type="stmt"/>
    </file>
    <file name="index.ts" path="C:\Users\mingsun\Desktop\my-vue3-component-lib\packages\button\src\index.ts">
      <metrics statements="1" coveredstatements="1" conditionals="0" coveredconditionals="0" methods="0" coveredmethods="0"/>
      <line num="3" count="1" type="stmt"/>
    </file>
    <file name="style.css" path="C:\Users\mingsun\Desktop\my-vue3-component-lib\packages\button\src\style.css">
      <metrics statements="0" coveredstatements="0" conditionals="0" coveredconditionals="0" methods="0" coveredmethods="0"/>
    </file>
    <file name="types.ts" path="C:\Users\mingsun\Desktop\my-vue3-component-lib\packages\button\src\types.ts">
      <metrics statements="3" coveredstatements="3" conditionals="0" coveredconditionals="0" methods="0" coveredmethods="0"/>
      <line num="4" count="1" type="stmt"/>
      <line num="5" count="1" type="stmt"/>
      <line num="8" count="1" type="stmt"/>
    </file>
  </project>
</coverage>
