{"C:\\Users\\mingsun\\Desktop\\my-vue3-component-lib\\packages\\button\\src\\Button.vue": {"path":"C:\\Users\\mingsun\\Desktop\\my-vue3-component-lib\\packages\\button\\src\\Button.vue","statementMap":{"0":{"start":{"line":17,"column":17},"end":{"line":17,"column":null}},"1":{"start":{"line":19,"column":6},"end":{"line":29,"column":null}},"2":{"start":{"line":20,"column":2},"end":{"line":28,"column":null}}},"fnMap":{"0":{"name":"(anonymous_0)","decl":{"start":{"line":19,"column":27},"end":{"line":19,"column":33}},"loc":{"start":{"line":19,"column":33},"end":{"line":29,"column":1}},"line":19}},"branchMap":{},"s":{"0":6,"1":6,"2":6},"f":{"0":6},"b":{},"meta":{"lastBranch":0,"lastFunction":1,"lastStatement":3,"seen":{"s:17:17:17:Infinity":0,"s:19:6:29:Infinity":1,"f:19:27:19:33":0,"s:20:2:28:Infinity":2}}}
,"C:\\Users\\mingsun\\Desktop\\my-vue3-component-lib\\packages\\button\\src\\index.ts": {"path":"C:\\Users\\mingsun\\Desktop\\my-vue3-component-lib\\packages\\button\\src\\index.ts","statementMap":{"0":{"start":{"line":3,"column":0},"end":{"line":3,"column":null}}},"fnMap":{},"branchMap":{},"s":{"0":1},"f":{},"b":{},"meta":{"lastBranch":0,"lastFunction":0,"lastStatement":1,"seen":{"s:3:0:3:Infinity":0}}}
,"C:\\Users\\mingsun\\Desktop\\my-vue3-component-lib\\packages\\button\\src\\style.css": {"path":"C:\\Users\\mingsun\\Desktop\\my-vue3-component-lib\\packages\\button\\src\\style.css","statementMap":{},"fnMap":{},"branchMap":{},"s":{},"f":{},"b":{},"meta":{"lastBranch":0,"lastFunction":0,"lastStatement":0,"seen":{}}}
,"C:\\Users\\mingsun\\Desktop\\my-vue3-component-lib\\packages\\button\\src\\types.ts": {"path":"C:\\Users\\mingsun\\Desktop\\my-vue3-component-lib\\packages\\button\\src\\types.ts","statementMap":{"0":{"start":{"line":4,"column":20},"end":{"line":4,"column":null}},"1":{"start":{"line":5,"column":19},"end":{"line":5,"column":null}},"2":{"start":{"line":8,"column":13},"end":{"line":23,"column":null}}},"fnMap":{},"branchMap":{},"s":{"0":1,"1":1,"2":1},"f":{},"b":{},"meta":{"lastBranch":0,"lastFunction":0,"lastStatement":3,"seen":{"s:4:20:4:Infinity":0,"s:5:19:5:Infinity":1,"s:8:13:23:Infinity":2}}}
}
