{"C:\\Users\\mingsun\\Desktop\\my-vue3-component-lib\\packages\\dialog\\src\\Dialog.vue": {"path":"C:\\Users\\mingsun\\Desktop\\my-vue3-component-lib\\packages\\dialog\\src\\Dialog.vue","statementMap":{"0":{"start":{"line":41,"column":14},"end":{"line":41,"column":null}},"1":{"start":{"line":55,"column":13},"end":{"line":55,"column":null}},"2":{"start":{"line":57,"column":6},"end":{"line":57,"column":null}},"3":{"start":{"line":59,"column":0},"end":{"line":59,"column":null}},"4":{"start":{"line":59,"column":12},"end":{"line":59,"column":30}},"5":{"start":{"line":59,"column":38},"end":{"line":59,"column":58}},"6":{"start":{"line":62,"column":2},"end":{"line":63,"column":null}},"7":{"start":{"line":62,"column":25},"end":{"line":62,"column":null}},"8":{"start":{"line":63,"column":7},"end":{"line":63,"column":null}},"9":{"start":{"line":67,"column":2},"end":{"line":67,"column":null}},"10":{"start":{"line":68,"column":2},"end":{"line":68,"column":null}},"11":{"start":{"line":69,"column":2},"end":{"line":69,"column":null}},"12":{"start":{"line":73,"column":2},"end":{"line":73,"column":null}},"13":{"start":{"line":74,"column":2},"end":{"line":74,"column":null}},"14":{"start":{"line":78,"column":2},"end":{"line":78,"column":null}},"15":{"start":{"line":79,"column":2},"end":{"line":79,"column":null}},"16":{"start":{"line":83,"column":2},"end":{"line":83,"column":null}},"17":{"start":{"line":83,"column":30},"end":{"line":83,"column":null}},"18":{"start":{"line":88,"column":2},"end":{"line":88,"column":null}},"19":{"start":{"line":88,"column":54},"end":{"line":88,"column":null}},"20":{"start":{"line":91,"column":0},"end":{"line":91,"column":null}},"21":{"start":{"line":91,"column":16},"end":{"line":91,"column":63}},"22":{"start":{"line":92,"column":0},"end":{"line":92,"column":null}},"23":{"start":{"line":92,"column":22},"end":{"line":92,"column":72}},"24":{"start":{"line":95,"column":0},"end":{"line":97,"column":null}},"25":{"start":{"line":96,"column":2},"end":{"line":96,"column":null}},"26":{"start":{"line":96,"column":24},"end":{"line":96,"column":null}},"27":{"start":{"line":15,"column":18},"end":{"line":15,"column":null}},"28":{"start":{"line":17,"column":20},"end":{"line":17,"column":44}},"29":{"start":{"line":22,"column":19},"end":{"line":22,"column":null}},"30":{"start":{"line":26,"column":18},"end":{"line":26,"column":null}},"31":{"start":{"line":18,"column":19},"end":{"line":17,"column":59}},"32":{"start":{"line":23,"column":29},"end":{"line":23,"column":29}},"33":{"start":{"line":30,"column":19},"end":{"line":29,"column":98}}},"fnMap":{"0":{"name":"(anonymous_0)","decl":{"start":{"line":59,"column":6},"end":{"line":59,"column":12}},"loc":{"start":{"line":59,"column":12},"end":{"line":59,"column":30}},"line":59},"1":{"name":"(anonymous_1)","decl":{"start":{"line":59,"column":30},"end":{"line":59,"column":38}},"loc":{"start":{"line":59,"column":38},"end":{"line":59,"column":58}},"line":59},"2":{"name":"close","decl":{"start":{"line":61,"column":9},"end":{"line":61,"column":17}},"loc":{"start":{"line":61,"column":17},"end":{"line":64,"column":null}},"line":61},"3":{"name":"doClose","decl":{"start":{"line":66,"column":9},"end":{"line":66,"column":19}},"loc":{"start":{"line":66,"column":19},"end":{"line":70,"column":null}},"line":66},"4":{"name":"handleConfirm","decl":{"start":{"line":72,"column":9},"end":{"line":72,"column":25}},"loc":{"start":{"line":72,"column":25},"end":{"line":75,"column":null}},"line":72},"5":{"name":"handleCancel","decl":{"start":{"line":77,"column":9},"end":{"line":77,"column":24}},"loc":{"start":{"line":77,"column":24},"end":{"line":80,"column":null}},"line":77},"6":{"name":"handleMaskClick","decl":{"start":{"line":82,"column":9},"end":{"line":82,"column":27}},"loc":{"start":{"line":82,"column":27},"end":{"line":84,"column":null}},"line":82},"7":{"name":"onKeydown","decl":{"start":{"line":87,"column":9},"end":{"line":87,"column":19}},"loc":{"start":{"line":87,"column":37},"end":{"line":89,"column":null}},"line":87},"8":{"name":"(anonymous_8)","decl":{"start":{"line":91,"column":10},"end":{"line":91,"column":16}},"loc":{"start":{"line":91,"column":16},"end":{"line":91,"column":63}},"line":91},"9":{"name":"(anonymous_9)","decl":{"start":{"line":92,"column":16},"end":{"line":92,"column":22}},"loc":{"start":{"line":92,"column":22},"end":{"line":92,"column":72}},"line":92},"10":{"name":"(anonymous_10)","decl":{"start":{"line":95,"column":15},"end":{"line":95,"column":16}},"loc":{"start":{"line":95,"column":24},"end":{"line":97,"column":1}},"line":95},"11":{"name":"(anonymous_11)","decl":{"start":{"line":16,"column":12},"end":{"line":16,"column":null}},"loc":{"start":{"line":18,"column":19},"end":{"line":17,"column":59}},"line":18},"12":{"name":"(anonymous_12)","decl":{"start":{"line":23,"column":12},"end":{"line":23,"column":18}},"loc":{"start":{"line":23,"column":29},"end":{"line":23,"column":29}},"line":23},"13":{"name":"(anonymous_13)","decl":{"start":{"line":27,"column":12},"end":{"line":27,"column":null}},"loc":{"start":{"line":30,"column":19},"end":{"line":29,"column":98}},"line":30}},"branchMap":{"0":{"loc":{"start":{"line":62,"column":2},"end":{"line":63,"column":null}},"type":"if","locations":[{"start":{"line":62,"column":2},"end":{"line":63,"column":null}},{"start":{"line":63,"column":7},"end":{"line":63,"column":null}}],"line":62},"1":{"loc":{"start":{"line":83,"column":2},"end":{"line":83,"column":null}},"type":"if","locations":[{"start":{"line":83,"column":2},"end":{"line":83,"column":null}},{"start":{},"end":{}}],"line":83},"2":{"loc":{"start":{"line":88,"column":2},"end":{"line":88,"column":null}},"type":"if","locations":[{"start":{"line":88,"column":2},"end":{"line":88,"column":null}},{"start":{},"end":{}}],"line":88},"3":{"loc":{"start":{"line":88,"column":6},"end":{"line":88,"column":54}},"type":"binary-expr","locations":[{"start":{"line":88,"column":6},"end":{"line":88,"column":28}},{"start":{"line":88,"column":28},"end":{"line":88,"column":54}}],"line":88},"4":{"loc":{"start":{"line":96,"column":2},"end":{"line":96,"column":null}},"type":"if","locations":[{"start":{"line":96,"column":2},"end":{"line":96,"column":null}},{"start":{},"end":{}}],"line":96},"5":{"loc":{"start":{"line":96,"column":55},"end":{"line":96,"column":null}},"type":"cond-expr","locations":[{"start":{"line":96,"column":61},"end":{"line":96,"column":72}},{"start":{"line":96,"column":72},"end":{"line":96,"column":null}}],"line":96},"6":{"loc":{"start":{"line":19,"column":26},"end":{"line":19,"column":83}},"type":"cond-expr","locations":[{"start":{"line":19,"column":26},"end":{"line":19,"column":83}},{"start":{"line":19,"column":74},"end":{"line":19,"column":83}}],"line":19},"7":{"loc":{"start":{"line":23,"column":29},"end":{"line":23,"column":29}},"type":"binary-expr","locations":[{"start":{"line":23,"column":29},"end":{"line":23,"column":null}},{"start":{"line":23,"column":29},"end":{"line":23,"column":29}}],"line":23}},"s":{"0":15,"1":15,"2":15,"3":15,"4":16,"5":1,"6":21,"7":1,"8":20,"9":20,"10":20,"11":20,"12":4,"13":4,"14":3,"15":3,"16":2,"17":1,"18":13,"19":12,"20":15,"21":15,"22":15,"23":5,"24":15,"25":6,"26":6,"27":1,"28":1,"29":1,"30":1,"31":14,"32":14,"33":14},"f":{"0":16,"1":1,"2":21,"3":20,"4":4,"5":3,"6":2,"7":13,"8":15,"9":5,"10":6,"11":14,"12":14,"13":14},"b":{"0":[1,20],"1":[1,1],"2":[12,1],"3":[13,13],"4":[6,0],"5":[0,6],"6":[14,0],"7":[14,14]},"meta":{"lastBranch":8,"lastFunction":14,"lastStatement":34,"seen":{"s:41:14:41:Infinity":0,"s:55:13:55:Infinity":1,"s:57:6:57:Infinity":2,"s:59:0:59:Infinity":3,"f:59:6:59:12":0,"s:59:12:59:30":4,"f:59:30:59:38":1,"s:59:38:59:58":5,"f:61:9:61:17":2,"b:62:2:63:Infinity:63:7:63:Infinity":0,"s:62:2:63:Infinity":6,"s:62:25:62:Infinity":7,"s:63:7:63:Infinity":8,"f:66:9:66:19":3,"s:67:2:67:Infinity":9,"s:68:2:68:Infinity":10,"s:69:2:69:Infinity":11,"f:72:9:72:25":4,"s:73:2:73:Infinity":12,"s:74:2:74:Infinity":13,"f:77:9:77:24":5,"s:78:2:78:Infinity":14,"s:79:2:79:Infinity":15,"f:82:9:82:27":6,"b:83:2:83:Infinity:undefined:undefined:undefined:undefined":1,"s:83:2:83:Infinity":16,"s:83:30:83:Infinity":17,"f:87:9:87:19":7,"b:88:2:88:Infinity:undefined:undefined:undefined:undefined":2,"s:88:2:88:Infinity":18,"b:88:6:88:28:88:28:88:54":3,"s:88:54:88:Infinity":19,"s:91:0:91:Infinity":20,"f:91:10:91:16":8,"s:91:16:91:63":21,"s:92:0:92:Infinity":22,"f:92:16:92:22":9,"s:92:22:92:72":23,"s:95:0:97:Infinity":24,"f:95:15:95:16":10,"b:96:2:96:Infinity:undefined:undefined:undefined:undefined":4,"s:96:2:96:Infinity":25,"s:96:24:96:Infinity":26,"b:96:61:96:72:96:72:96:Infinity":5,"s:15:18:15:Infinity":27,"s:17:20:17:44":28,"s:22:19:22:Infinity":29,"s:26:18:26:Infinity":30,"f:16:12:16:Infinity":11,"s:18:19:17:59":31,"b:19:26:19:83:19:74:19:83":6,"f:23:12:23:18":12,"s:23:29:23:29":32,"b:23:29:23:Infinity:23:29:23:29":7,"f:27:12:27:Infinity":13,"s:30:19:29:98":33}}}
,"C:\\Users\\mingsun\\Desktop\\my-vue3-component-lib\\packages\\dialog\\src\\createDialog.ts": {"path":"C:\\Users\\mingsun\\Desktop\\my-vue3-component-lib\\packages\\dialog\\src\\createDialog.ts","statementMap":{"0":{"start":{"line":6,"column":20},"end":{"line":6,"column":null}},"1":{"start":{"line":7,"column":2},"end":{"line":7,"column":null}},"2":{"start":{"line":9,"column":2},"end":{"line":26,"column":null}},"3":{"start":{"line":10,"column":10},"end":{"line":18,"column":null}},"4":{"start":{"line":13,"column":25},"end":{"line":13,"column":40}},"5":{"start":{"line":13,"column":40},"end":{"line":13,"column":50}},"6":{"start":{"line":14,"column":24},"end":{"line":14,"column":39}},"7":{"start":{"line":14,"column":39},"end":{"line":14,"column":49}},"8":{"start":{"line":16,"column":8},"end":{"line":16,"column":null}},"9":{"start":{"line":16,"column":18},"end":{"line":16,"column":null}},"10":{"start":{"line":21,"column":6},"end":{"line":21,"column":null}},"11":{"start":{"line":22,"column":6},"end":{"line":22,"column":null}},"12":{"start":{"line":25,"column":4},"end":{"line":25,"column":null}}},"fnMap":{"0":{"name":"createDialog","decl":{"start":{"line":5,"column":16},"end":{"line":5,"column":29}},"loc":{"start":{"line":5,"column":38},"end":{"line":27,"column":null}},"line":5},"1":{"name":"(anonymous_1)","decl":{"start":{"line":9,"column":21},"end":{"line":9,"column":22}},"loc":{"start":{"line":9,"column":42},"end":{"line":26,"column":3}},"line":9},"2":{"name":"(anonymous_2)","decl":{"start":{"line":13,"column":17},"end":{"line":13,"column":23}},"loc":{"start":{"line":13,"column":23},"end":{"line":13,"column":null}},"line":13},"3":{"name":"(anonymous_3)","decl":{"start":{"line":14,"column":16},"end":{"line":14,"column":22}},"loc":{"start":{"line":14,"column":22},"end":{"line":14,"column":null}},"line":14},"4":{"name":"(anonymous_4)","decl":{"start":{"line":15,"column":29},"end":{"line":15,"column":30}},"loc":{"start":{"line":15,"column":47},"end":{"line":17,"column":null}},"line":15},"5":{"name":"cleanup","decl":{"start":{"line":20,"column":13},"end":{"line":20,"column":23}},"loc":{"start":{"line":20,"column":23},"end":{"line":23,"column":null}},"line":20}},"branchMap":{"0":{"loc":{"start":{"line":16,"column":8},"end":{"line":16,"column":null}},"type":"if","locations":[{"start":{"line":16,"column":8},"end":{"line":16,"column":null}},{"start":{},"end":{}}],"line":16}},"s":{"0":6,"1":6,"2":6,"3":6,"4":3,"5":3,"6":2,"7":2,"8":0,"9":0,"10":5,"11":5,"12":6},"f":{"0":6,"1":6,"2":3,"3":2,"4":0,"5":5},"b":{"0":[0,0]},"meta":{"lastBranch":1,"lastFunction":6,"lastStatement":13,"seen":{"f:5:16:5:29":0,"s:6:20:6:Infinity":0,"s:7:2:7:Infinity":1,"s:9:2:26:Infinity":2,"f:9:21:9:22":1,"s:10:10:18:Infinity":3,"f:13:17:13:23":2,"s:13:25:13:40":4,"s:13:40:13:50":5,"f:14:16:14:22":3,"s:14:24:14:39":6,"s:14:39:14:49":7,"f:15:29:15:30":4,"b:16:8:16:Infinity:undefined:undefined:undefined:undefined":0,"s:16:8:16:Infinity":8,"s:16:18:16:Infinity":9,"f:20:13:20:23":5,"s:21:6:21:Infinity":10,"s:22:6:22:Infinity":11,"s:25:4:25:Infinity":12}}}
,"C:\\Users\\mingsun\\Desktop\\my-vue3-component-lib\\packages\\dialog\\src\\index.ts": {"path":"C:\\Users\\mingsun\\Desktop\\my-vue3-component-lib\\packages\\dialog\\src\\index.ts","statementMap":{},"fnMap":{},"branchMap":{},"s":{},"f":{},"b":{},"meta":{"lastBranch":0,"lastFunction":0,"lastStatement":0,"seen":{}}}
,"C:\\Users\\mingsun\\Desktop\\my-vue3-component-lib\\packages\\dialog\\src\\style.css": {"path":"C:\\Users\\mingsun\\Desktop\\my-vue3-component-lib\\packages\\dialog\\src\\style.css","statementMap":{},"fnMap":{},"branchMap":{},"s":{},"f":{},"b":{},"meta":{"lastBranch":0,"lastFunction":0,"lastStatement":0,"seen":{}}}
}
